#
# There is insufficient memory for the Java Runtime Environment to continue.
# Native memory allocation (malloc) failed to allocate 32744 bytes for ChunkPool::allocate
# Possible reasons:
#   The system is out of physical RAM or swap space
#   The process is running with CompressedOops enabled, and the Java Heap may be blocking the growth of the native heap
# Possible solutions:
#   Reduce memory load on the system
#   Increase physical memory or swap space
#   Check if swap backing store is full
#   Decrease Java heap size (-Xmx/-Xms)
#   Decrease number of Java threads
#   Decrease Java thread stack sizes (-Xss)
#   Set larger code cache with -XX:ReservedCodeCacheSize=
#   JVM is running with Unscaled Compressed Oops mode in which the Java heap is
#     placed in the first 4GB address space. The Java Heap base address is the
#     maximum limit for the native heap growth. Please use -XX:HeapBaseMinAddress
#     to set the Java Heap base and to place the Java Heap above 4GB virtual address.
# This output file may be truncated or incomplete.
#
#  Out of Memory Error (arena.cpp:78), pid=24136, tid=25540
#
# JRE version: OpenJDK Runtime Environment (17.0.0.1+2) (build 17.0.0.1+2-3)
# Java VM: OpenJDK 64-Bit Server VM (17.0.0.1+2-3, mixed mode, tiered, compressed oops, compressed class ptrs, g1 gc, windows-amd64)
# No core dump will be written. Minidumps are not enabled by default on client versions of Windows
#

---------------  S U M M A R Y ------------

Command Line: -Xmx64m -Xms64m -Dorg.gradle.appname=gradlew C:\ReactNative\golfScoreCard\android\\gradle\wrapper\gradle-wrapper.jar clean

Host: AMD Ryzen 5 5625U with Radeon Graphics         , 12 cores, 7G,  Windows 10 , 64 bit Build 22621 (10.0.22621.5124)
Time: Wed Jun 18 10:59:37 2025 India Standard Time elapsed time: 5.255488 seconds (0d 0h 0m 5s)

---------------  T H R E A D  ---------------

Current thread (0x00000160bde10d80):  JavaThread "C2 CompilerThread0" daemon [_thread_in_native, id=25540, stack(0x00000002dcb00000,0x00000002dcc00000)]


Current CompileTask:
C2:   5255  499       4       java.util.HashMap::putVal (300 bytes)

Stack: [0x00000002dcb00000,0x00000002dcc00000]
Native frames: (J=compiled Java code, j=interpreted, Vv=VM code, C=native code)
V  [jvm.dll+0x66f8ea]
V  [jvm.dll+0x7ce224]
V  [jvm.dll+0x7cf9ce]
V  [jvm.dll+0x7d0033]
V  [jvm.dll+0x242bb5]
V  [jvm.dll+0xaa2a0]
V  [jvm.dll+0xaa5ec]
V  [jvm.dll+0xaa16b]
V  [jvm.dll+0x64e33c]
V  [jvm.dll+0x21c759]
V  [jvm.dll+0x692a81]
V  [jvm.dll+0x214e39]
V  [jvm.dll+0x1a168d]
V  [jvm.dll+0x2248f8]
V  [jvm.dll+0x222a5c]
V  [jvm.dll+0x78422b]
V  [jvm.dll+0x77e7ea]
V  [jvm.dll+0x66e715]
C  [ucrtbase.dll+0x29333]
C  [KERNEL32.DLL+0x1259d]
C  [ntdll.dll+0x5af38]


---------------  P R O C E S S  ---------------

Threads class SMR info:
_java_thread_list=0x00000160be93cda0, length=12, elements={
0x00000160a4272110, 0x00000160bde04020, 0x00000160bddb8e80, 0x00000160bde3c1f0,
0x00000160bde3cab0, 0x00000160bde367a0, 0x00000160bde0fff0, 0x00000160bde10d80,
0x00000160bde29970, 0x00000160bde2c280, 0x00000160be93f2d0, 0x00000160be946470
}

Java Threads: ( => current thread )
  0x00000160a4272110 JavaThread "main" [_thread_in_native, id=16572, stack(0x00000002dbe00000,0x00000002dbf00000)]
  0x00000160bde04020 JavaThread "Reference Handler" daemon [_thread_blocked, id=22608, stack(0x00000002dc500000,0x00000002dc600000)]
  0x00000160bddb8e80 JavaThread "Finalizer" daemon [_thread_blocked, id=15416, stack(0x00000002dc600000,0x00000002dc700000)]
  0x00000160bde3c1f0 JavaThread "Signal Dispatcher" daemon [_thread_blocked, id=16976, stack(0x00000002dc700000,0x00000002dc800000)]
  0x00000160bde3cab0 JavaThread "Attach Listener" daemon [_thread_blocked, id=19960, stack(0x00000002dc800000,0x00000002dc900000)]
  0x00000160bde367a0 JavaThread "Service Thread" daemon [_thread_blocked, id=9496, stack(0x00000002dc900000,0x00000002dca00000)]
  0x00000160bde0fff0 JavaThread "Monitor Deflation Thread" daemon [_thread_blocked, id=16340, stack(0x00000002dca00000,0x00000002dcb00000)]
=>0x00000160bde10d80 JavaThread "C2 CompilerThread0" daemon [_thread_in_native, id=25540, stack(0x00000002dcb00000,0x00000002dcc00000)]
  0x00000160bde29970 JavaThread "C1 CompilerThread0" daemon [_thread_blocked, id=8428, stack(0x00000002dcc00000,0x00000002dcd00000)]
  0x00000160bde2c280 JavaThread "Sweeper thread" daemon [_thread_blocked, id=9040, stack(0x00000002dcd00000,0x00000002dce00000)]
  0x00000160be93f2d0 JavaThread "Notification Thread" daemon [_thread_blocked, id=15020, stack(0x00000002dce00000,0x00000002dcf00000)]
  0x00000160be946470 JavaThread "Common-Cleaner" daemon [_thread_blocked, id=22276, stack(0x00000002dd000000,0x00000002dd100000)]

Other Threads:
  0x00000160a432acc0 VMThread "VM Thread" [stack: 0x00000002dc400000,0x00000002dc500000] [id=23644]
  0x00000160be9441d0 WatcherThread [stack: 0x00000002dcf00000,0x00000002dd000000] [id=17664]
  0x00000160a4293750 GCTaskThread "GC Thread#0" [stack: 0x00000002dbf00000,0x00000002dc000000] [id=6532]
  0x00000160a4294e90 ConcurrentGCThread "G1 Main Marker" [stack: 0x00000002dc000000,0x00000002dc100000] [id=23324]
  0x00000160a42958a0 ConcurrentGCThread "G1 Conc#0" [stack: 0x00000002dc100000,0x00000002dc200000] [id=22688]
  0x00000160a42fe100 ConcurrentGCThread "G1 Refine#0" [stack: 0x00000002dc200000,0x00000002dc300000] [id=21060]
  0x00000160a4300a30 ConcurrentGCThread "G1 Service" [stack: 0x00000002dc300000,0x00000002dc400000] [id=7756]

Threads with active compile tasks:
C2 CompilerThread0     5284  499       4       java.util.HashMap::putVal (300 bytes)

VM state: not at safepoint (normal execution)

VM Mutex/Monitor currently owned by a thread: None

Heap address: 0x00000000fc000000, size: 64 MB, Compressed Oops mode: 32-bit

CDS archive(s) not mapped
Compressed class space mapped at: 0x0000000100000000-0x0000000140000000, reserved size: 1073741824
Narrow klass base: 0x0000000000000000, Narrow klass shift: 3, Narrow klass range: 0x140000000

GC Precious Log:
 CPUs: 12 total, 12 available
 Memory: 7520M
 Large Page Support: Disabled
 NUMA Support: Disabled
 Compressed Oops: Enabled (32-bit)
 Heap Region Size: 1M
 Heap Min Capacity: 64M
 Heap Initial Capacity: 64M
 Heap Max Capacity: 64M
 Pre-touch: Disabled
 Parallel Workers: 10
 Concurrent Workers: 3
 Concurrent Refinement Workers: 10
 Periodic GC: Disabled

Heap:
 garbage-first heap   total 65536K, used 16384K [0x00000000fc000000, 0x0000000100000000)
  region size 1024K, 17 young (17408K), 0 survivors (0K)
 Metaspace       used 7588K, committed 7744K, reserved 1056768K
  class space    used 654K, committed 704K, reserved 1048576K

Heap Regions: E=young(eden), S=young(survivor), O=old, HS=humongous(starts), HC=humongous(continues), CS=collection set, F=free, OA=open archive, CA=closed archive, TAMS=top-at-mark-start (previous, next)
|   0|0x00000000fc000000, 0x00000000fc000000, 0x00000000fc100000|  0%| F|  |TAMS 0x00000000fc000000, 0x00000000fc000000| Untracked 
|   1|0x00000000fc100000, 0x00000000fc100000, 0x00000000fc200000|  0%| F|  |TAMS 0x00000000fc100000, 0x00000000fc100000| Untracked 
|   2|0x00000000fc200000, 0x00000000fc200000, 0x00000000fc300000|  0%| F|  |TAMS 0x00000000fc200000, 0x00000000fc200000| Untracked 
|   3|0x00000000fc300000, 0x00000000fc300000, 0x00000000fc400000|  0%| F|  |TAMS 0x00000000fc300000, 0x00000000fc300000| Untracked 
|   4|0x00000000fc400000, 0x00000000fc400000, 0x00000000fc500000|  0%| F|  |TAMS 0x00000000fc400000, 0x00000000fc400000| Untracked 
|   5|0x00000000fc500000, 0x00000000fc500000, 0x00000000fc600000|  0%| F|  |TAMS 0x00000000fc500000, 0x00000000fc500000| Untracked 
|   6|0x00000000fc600000, 0x00000000fc600000, 0x00000000fc700000|  0%| F|  |TAMS 0x00000000fc600000, 0x00000000fc600000| Untracked 
|   7|0x00000000fc700000, 0x00000000fc700000, 0x00000000fc800000|  0%| F|  |TAMS 0x00000000fc700000, 0x00000000fc700000| Untracked 
|   8|0x00000000fc800000, 0x00000000fc800000, 0x00000000fc900000|  0%| F|  |TAMS 0x00000000fc800000, 0x00000000fc800000| Untracked 
|   9|0x00000000fc900000, 0x00000000fc900000, 0x00000000fca00000|  0%| F|  |TAMS 0x00000000fc900000, 0x00000000fc900000| Untracked 
|  10|0x00000000fca00000, 0x00000000fca00000, 0x00000000fcb00000|  0%| F|  |TAMS 0x00000000fca00000, 0x00000000fca00000| Untracked 
|  11|0x00000000fcb00000, 0x00000000fcb00000, 0x00000000fcc00000|  0%| F|  |TAMS 0x00000000fcb00000, 0x00000000fcb00000| Untracked 
|  12|0x00000000fcc00000, 0x00000000fcc00000, 0x00000000fcd00000|  0%| F|  |TAMS 0x00000000fcc00000, 0x00000000fcc00000| Untracked 
|  13|0x00000000fcd00000, 0x00000000fcd00000, 0x00000000fce00000|  0%| F|  |TAMS 0x00000000fcd00000, 0x00000000fcd00000| Untracked 
|  14|0x00000000fce00000, 0x00000000fce00000, 0x00000000fcf00000|  0%| F|  |TAMS 0x00000000fce00000, 0x00000000fce00000| Untracked 
|  15|0x00000000fcf00000, 0x00000000fcf00000, 0x00000000fd000000|  0%| F|  |TAMS 0x00000000fcf00000, 0x00000000fcf00000| Untracked 
|  16|0x00000000fd000000, 0x00000000fd000000, 0x00000000fd100000|  0%| F|  |TAMS 0x00000000fd000000, 0x00000000fd000000| Untracked 
|  17|0x00000000fd100000, 0x00000000fd100000, 0x00000000fd200000|  0%| F|  |TAMS 0x00000000fd100000, 0x00000000fd100000| Untracked 
|  18|0x00000000fd200000, 0x00000000fd200000, 0x00000000fd300000|  0%| F|  |TAMS 0x00000000fd200000, 0x00000000fd200000| Untracked 
|  19|0x00000000fd300000, 0x00000000fd300000, 0x00000000fd400000|  0%| F|  |TAMS 0x00000000fd300000, 0x00000000fd300000| Untracked 
|  20|0x00000000fd400000, 0x00000000fd400000, 0x00000000fd500000|  0%| F|  |TAMS 0x00000000fd400000, 0x00000000fd400000| Untracked 
|  21|0x00000000fd500000, 0x00000000fd500000, 0x00000000fd600000|  0%| F|  |TAMS 0x00000000fd500000, 0x00000000fd500000| Untracked 
|  22|0x00000000fd600000, 0x00000000fd600000, 0x00000000fd700000|  0%| F|  |TAMS 0x00000000fd600000, 0x00000000fd600000| Untracked 
|  23|0x00000000fd700000, 0x00000000fd700000, 0x00000000fd800000|  0%| F|  |TAMS 0x00000000fd700000, 0x00000000fd700000| Untracked 
|  24|0x00000000fd800000, 0x00000000fd800000, 0x00000000fd900000|  0%| F|  |TAMS 0x00000000fd800000, 0x00000000fd800000| Untracked 
|  25|0x00000000fd900000, 0x00000000fd900000, 0x00000000fda00000|  0%| F|  |TAMS 0x00000000fd900000, 0x00000000fd900000| Untracked 
|  26|0x00000000fda00000, 0x00000000fda00000, 0x00000000fdb00000|  0%| F|  |TAMS 0x00000000fda00000, 0x00000000fda00000| Untracked 
|  27|0x00000000fdb00000, 0x00000000fdb00000, 0x00000000fdc00000|  0%| F|  |TAMS 0x00000000fdb00000, 0x00000000fdb00000| Untracked 
|  28|0x00000000fdc00000, 0x00000000fdc00000, 0x00000000fdd00000|  0%| F|  |TAMS 0x00000000fdc00000, 0x00000000fdc00000| Untracked 
|  29|0x00000000fdd00000, 0x00000000fdd00000, 0x00000000fde00000|  0%| F|  |TAMS 0x00000000fdd00000, 0x00000000fdd00000| Untracked 
|  30|0x00000000fde00000, 0x00000000fde00000, 0x00000000fdf00000|  0%| F|  |TAMS 0x00000000fde00000, 0x00000000fde00000| Untracked 
|  31|0x00000000fdf00000, 0x00000000fdf00000, 0x00000000fe000000|  0%| F|  |TAMS 0x00000000fdf00000, 0x00000000fdf00000| Untracked 
|  32|0x00000000fe000000, 0x00000000fe000000, 0x00000000fe100000|  0%| F|  |TAMS 0x00000000fe000000, 0x00000000fe000000| Untracked 
|  33|0x00000000fe100000, 0x00000000fe100000, 0x00000000fe200000|  0%| F|  |TAMS 0x00000000fe100000, 0x00000000fe100000| Untracked 
|  34|0x00000000fe200000, 0x00000000fe200000, 0x00000000fe300000|  0%| F|  |TAMS 0x00000000fe200000, 0x00000000fe200000| Untracked 
|  35|0x00000000fe300000, 0x00000000fe300000, 0x00000000fe400000|  0%| F|  |TAMS 0x00000000fe300000, 0x00000000fe300000| Untracked 
|  36|0x00000000fe400000, 0x00000000fe400000, 0x00000000fe500000|  0%| F|  |TAMS 0x00000000fe400000, 0x00000000fe400000| Untracked 
|  37|0x00000000fe500000, 0x00000000fe500000, 0x00000000fe600000|  0%| F|  |TAMS 0x00000000fe500000, 0x00000000fe500000| Untracked 
|  38|0x00000000fe600000, 0x00000000fe600000, 0x00000000fe700000|  0%| F|  |TAMS 0x00000000fe600000, 0x00000000fe600000| Untracked 
|  39|0x00000000fe700000, 0x00000000fe700000, 0x00000000fe800000|  0%| F|  |TAMS 0x00000000fe700000, 0x00000000fe700000| Untracked 
|  40|0x00000000fe800000, 0x00000000fe800000, 0x00000000fe900000|  0%| F|  |TAMS 0x00000000fe800000, 0x00000000fe800000| Untracked 
|  41|0x00000000fe900000, 0x00000000fe900000, 0x00000000fea00000|  0%| F|  |TAMS 0x00000000fe900000, 0x00000000fe900000| Untracked 
|  42|0x00000000fea00000, 0x00000000fea00000, 0x00000000feb00000|  0%| F|  |TAMS 0x00000000fea00000, 0x00000000fea00000| Untracked 
|  43|0x00000000feb00000, 0x00000000feb00000, 0x00000000fec00000|  0%| F|  |TAMS 0x00000000feb00000, 0x00000000feb00000| Untracked 
|  44|0x00000000fec00000, 0x00000000fec00000, 0x00000000fed00000|  0%| F|  |TAMS 0x00000000fec00000, 0x00000000fec00000| Untracked 
|  45|0x00000000fed00000, 0x00000000fed00000, 0x00000000fee00000|  0%| F|  |TAMS 0x00000000fed00000, 0x00000000fed00000| Untracked 
|  46|0x00000000fee00000, 0x00000000fee00000, 0x00000000fef00000|  0%| F|  |TAMS 0x00000000fee00000, 0x00000000fee00000| Untracked 
|  47|0x00000000fef00000, 0x00000000fefec280, 0x00000000ff000000| 92%| E|  |TAMS 0x00000000fef00000, 0x00000000fef00000| Complete 
|  48|0x00000000ff000000, 0x00000000ff100000, 0x00000000ff100000|100%| E|CS|TAMS 0x00000000ff000000, 0x00000000ff000000| Complete 
|  49|0x00000000ff100000, 0x00000000ff200000, 0x00000000ff200000|100%| E|CS|TAMS 0x00000000ff100000, 0x00000000ff100000| Complete 
|  50|0x00000000ff200000, 0x00000000ff300000, 0x00000000ff300000|100%| E|CS|TAMS 0x00000000ff200000, 0x00000000ff200000| Complete 
|  51|0x00000000ff300000, 0x00000000ff400000, 0x00000000ff400000|100%| E|CS|TAMS 0x00000000ff300000, 0x00000000ff300000| Complete 
|  52|0x00000000ff400000, 0x00000000ff500000, 0x00000000ff500000|100%| E|CS|TAMS 0x00000000ff400000, 0x00000000ff400000| Complete 
|  53|0x00000000ff500000, 0x00000000ff600000, 0x00000000ff600000|100%| E|CS|TAMS 0x00000000ff500000, 0x00000000ff500000| Complete 
|  54|0x00000000ff600000, 0x00000000ff700000, 0x00000000ff700000|100%| E|CS|TAMS 0x00000000ff600000, 0x00000000ff600000| Complete 
|  55|0x00000000ff700000, 0x00000000ff800000, 0x00000000ff800000|100%| E|CS|TAMS 0x00000000ff700000, 0x00000000ff700000| Complete 
|  56|0x00000000ff800000, 0x00000000ff900000, 0x00000000ff900000|100%| E|CS|TAMS 0x00000000ff800000, 0x00000000ff800000| Complete 
|  57|0x00000000ff900000, 0x00000000ffa00000, 0x00000000ffa00000|100%| E|CS|TAMS 0x00000000ff900000, 0x00000000ff900000| Complete 
|  58|0x00000000ffa00000, 0x00000000ffb00000, 0x00000000ffb00000|100%| E|CS|TAMS 0x00000000ffa00000, 0x00000000ffa00000| Complete 
|  59|0x00000000ffb00000, 0x00000000ffc00000, 0x00000000ffc00000|100%| E|CS|TAMS 0x00000000ffb00000, 0x00000000ffb00000| Complete 
|  60|0x00000000ffc00000, 0x00000000ffd00000, 0x00000000ffd00000|100%| E|CS|TAMS 0x00000000ffc00000, 0x00000000ffc00000| Complete 
|  61|0x00000000ffd00000, 0x00000000ffe00000, 0x00000000ffe00000|100%| E|CS|TAMS 0x00000000ffd00000, 0x00000000ffd00000| Complete 
|  62|0x00000000ffe00000, 0x00000000fff00000, 0x00000000fff00000|100%| E|CS|TAMS 0x00000000ffe00000, 0x00000000ffe00000| Complete 
|  63|0x00000000fff00000, 0x0000000100000000, 0x0000000100000000|100%| E|CS|TAMS 0x00000000fff00000, 0x00000000fff00000| Complete 

Card table byte_map: [0x00000160a4190000,0x00000160a41b0000] _byte_map_base: 0x00000160a39b0000

Marking Bits (Prev, Next): (CMBitMap*) 0x00000160a4293d60, (CMBitMap*) 0x00000160a4293da0
 Prev Bits: [0x00000160bafb0000, 0x00000160bb0b0000)
 Next Bits: [0x00000160bb0b0000, 0x00000160bb1b0000)

Polling page: 0x00000160a2260000

Metaspace:

Usage:
  Non-class:      6.77 MB used.
      Class:    654.57 KB used.
       Both:      7.41 MB used.

Virtual space:
  Non-class space:        8.00 MB reserved,       6.88 MB ( 86%) committed,  1 nodes.
      Class space:        1.00 GB reserved,     704.00 KB ( <1%) committed,  1 nodes.
             Both:        1.01 GB reserved,       7.56 MB ( <1%) committed. 

Chunk freelists:
   Non-Class:  816.00 KB
       Class:  3.20 MB
        Both:  4.00 MB

MaxMetaspaceSize: unlimited
CompressedClassSpaceSize: 1.00 GB
Initial GC threshold: 21.00 MB
Current GC threshold: 21.00 MB
CDS: off
MetaspaceReclaimPolicy: balanced
 - commit_granule_bytes: 65536.
 - commit_granule_words: 8192.
 - virtual_space_node_default_size: 1048576.
 - enlarge_chunks_in_place: 1.
 - new_chunks_are_fully_committed: 0.
 - uncommit_free_chunks: 1.
 - use_allocation_guard: 0.
 - handle_deallocations: 1.


Internal statistics:

num_allocs_failed_limit: 0.
num_arena_births: 12.
num_arena_deaths: 0.
num_vsnodes_births: 2.
num_vsnodes_deaths: 0.
num_space_committed: 121.
num_space_uncommitted: 0.
num_chunks_returned_to_freelist: 0.
num_chunks_taken_from_freelist: 58.
num_chunk_merges: 0.
num_chunk_splits: 29.
num_chunks_enlarged: 15.
num_purges: 0.
num_inconsistent_stats: 0.

CodeHeap 'non-profiled nmethods': size=120000Kb used=174Kb max_used=174Kb free=119825Kb
 bounds [0x00000160b3530000, 0x00000160b37a0000, 0x00000160baa60000]
CodeHeap 'profiled nmethods': size=120000Kb used=755Kb max_used=755Kb free=119244Kb
 bounds [0x00000160ac000000, 0x00000160ac270000, 0x00000160b3530000]
CodeHeap 'non-nmethods': size=5760Kb used=1116Kb max_used=1133Kb free=4643Kb
 bounds [0x00000160aba60000, 0x00000160abcd0000, 0x00000160ac000000]
 total_blobs=895 nmethods=498 adapters=310
 compilation: enabled
              stopped_count=0, restarted_count=0
 full_count=0

Compilation events (20 events):
Event: 4.623 Thread 0x00000160bde29970 nmethod 489 0x00000160ac0b3790 code [0x00000160ac0b3a60, 0x00000160ac0b4c28]
Event: 4.762 Thread 0x00000160bde10d80  490       4       java.io.WinNTFileSystem::normalize (143 bytes)
Event: 4.764 Thread 0x00000160bde10d80 nmethod 490 0x00000160b355ac90 code [0x00000160b355ae20, 0x00000160b355b0c8]
Event: 4.777 Thread 0x00000160bde29970  491       3       java.lang.String::split (327 bytes)
Event: 4.778 Thread 0x00000160bde10d80  494       4       java.lang.Math::max (11 bytes)
Event: 4.778 Thread 0x00000160bde10d80 nmethod 494 0x00000160b355b310 code [0x00000160b355b480, 0x00000160b355b4f8]
Event: 4.779 Thread 0x00000160bde29970 nmethod 491 0x00000160ac0b5610 code [0x00000160ac0b5bc0, 0x00000160ac0b9058]
Event: 4.779 Thread 0x00000160bde29970  492       3       java.util.regex.Pattern::expr (142 bytes)
Event: 4.780 Thread 0x00000160bde29970 nmethod 492 0x00000160ac0ba290 code [0x00000160ac0ba4e0, 0x00000160ac0bafc8]
Event: 4.780 Thread 0x00000160bde29970  493       3       java.util.regex.Pattern$CharProperty::<init> (10 bytes)
Event: 4.780 Thread 0x00000160bde29970 nmethod 493 0x00000160ac0bb390 code [0x00000160ac0bb540, 0x00000160ac0bb7d8]
Event: 4.792 Thread 0x00000160bde29970  495       3       java.util.ArrayList::<init> (61 bytes)
Event: 4.793 Thread 0x00000160bde29970 nmethod 495 0x00000160ac0bb890 code [0x00000160ac0bbb00, 0x00000160ac0bc478]
Event: 5.086 Thread 0x00000160bde29970  496       3       java.util.regex.Pattern::unread (11 bytes)
Event: 5.086 Thread 0x00000160bde10d80  497       4       java.util.regex.Pattern::nextEscaped (19 bytes)
Event: 5.086 Thread 0x00000160bde29970 nmethod 496 0x00000160ac0bc790 code [0x00000160ac0bc920, 0x00000160ac0bca38]
Event: 5.086 Thread 0x00000160bde10d80 nmethod 497 0x00000160b355b610 code [0x00000160b355b780, 0x00000160b355b838]
Event: 5.154 Thread 0x00000160bde29970  498       3       jdk.internal.misc.Unsafe::getLong (7 bytes)
Event: 5.155 Thread 0x00000160bde29970 nmethod 498 0x00000160ac0bcb10 code [0x00000160ac0bcca0, 0x00000160ac0bcdb8]
Event: 5.252 Thread 0x00000160bde10d80  499       4       java.util.HashMap::putVal (300 bytes)

GC Heap History (0 events):
No events

Deoptimization events (20 events):
Event: 1.271 Thread 0x00000160a4272110 DEOPT PACKING pc=0x00000160ac059d3e sp=0x00000002dbefe070
Event: 1.271 Thread 0x00000160a4272110 DEOPT UNPACKING pc=0x00000160abab2b43 sp=0x00000002dbefd4e8 mode 0
Event: 1.273 Thread 0x00000160a4272110 DEOPT PACKING pc=0x00000160ac059d3e sp=0x00000002dbefde40
Event: 1.273 Thread 0x00000160a4272110 DEOPT UNPACKING pc=0x00000160abab2b43 sp=0x00000002dbefd2b8 mode 0
Event: 1.273 Thread 0x00000160a4272110 DEOPT PACKING pc=0x00000160ac059d3e sp=0x00000002dbefde40
Event: 1.273 Thread 0x00000160a4272110 DEOPT UNPACKING pc=0x00000160abab2b43 sp=0x00000002dbefd2b8 mode 0
Event: 1.273 Thread 0x00000160a4272110 DEOPT PACKING pc=0x00000160ac059d3e sp=0x00000002dbefde40
Event: 1.273 Thread 0x00000160a4272110 DEOPT UNPACKING pc=0x00000160abab2b43 sp=0x00000002dbefd2b8 mode 0
Event: 1.517 Thread 0x00000160a4272110 DEOPT PACKING pc=0x00000160ac04b78c sp=0x00000002dbefdc40
Event: 1.517 Thread 0x00000160a4272110 DEOPT UNPACKING pc=0x00000160abab2b43 sp=0x00000002dbefd0d0 mode 0
Event: 1.740 Thread 0x00000160a4272110 DEOPT PACKING pc=0x00000160ac05295a sp=0x00000002dbefdca0
Event: 1.740 Thread 0x00000160a4272110 DEOPT UNPACKING pc=0x00000160abab2b43 sp=0x00000002dbefd160 mode 0
Event: 3.003 Thread 0x00000160a4272110 Uncommon trap: trap_request=0xffffff45 fr.pc=0x00000160b353db10 relative=0x0000000000000090
Event: 3.003 Thread 0x00000160a4272110 Uncommon trap: reason=unstable_if action=reinterpret pc=0x00000160b353db10 method=java.util.regex.Pattern.append(II)V @ 9 c2
Event: 3.003 Thread 0x00000160a4272110 DEOPT PACKING pc=0x00000160b353db10 sp=0x00000002dbefddb0
Event: 3.003 Thread 0x00000160a4272110 DEOPT UNPACKING pc=0x00000160abab23a3 sp=0x00000002dbefdd40 mode 2
Event: 4.099 Thread 0x00000160a4272110 DEOPT PACKING pc=0x00000160ac02c0ce sp=0x00000002dbefdf60
Event: 4.099 Thread 0x00000160a4272110 DEOPT UNPACKING pc=0x00000160abab2b43 sp=0x00000002dbefd450 mode 0
Event: 4.490 Thread 0x00000160a4272110 DEOPT PACKING pc=0x00000160ac0823d9 sp=0x00000002dbefdf50
Event: 4.490 Thread 0x00000160a4272110 DEOPT UNPACKING pc=0x00000160abab2b43 sp=0x00000002dbefd448 mode 0

Classes unloaded (0 events):
No events

Classes redefined (0 events):
No events

Internal exceptions (1 events):
Event: 0.662 Thread 0x00000160a4272110 Exception <a 'java/lang/NoSuchMethodError'{0x00000000ffc01928}: 'int java.lang.invoke.DirectMethodHandle$Holder.invokeStaticInit(java.lang.Object, java.lang.Object)'> (0x00000000ffc01928) 
thrown [c:\sb\prod\1715191057\workspace\open\src\hotspot\share\interpreter\linkResolver.cpp, line 766]

VM Operations (12 events):
Event: 0.182 Executing VM operation: HandshakeAllThreads
Event: 0.182 Executing VM operation: HandshakeAllThreads done
Event: 1.182 Executing VM operation: Cleanup
Event: 1.182 Executing VM operation: Cleanup done
Event: 2.185 Executing VM operation: Cleanup
Event: 2.185 Executing VM operation: Cleanup done
Event: 3.187 Executing VM operation: Cleanup
Event: 3.187 Executing VM operation: Cleanup done
Event: 4.192 Executing VM operation: Cleanup
Event: 4.192 Executing VM operation: Cleanup done
Event: 5.193 Executing VM operation: Cleanup
Event: 5.193 Executing VM operation: Cleanup done

Events (20 events):
Event: 0.916 loading class java/io/FileFilter
Event: 0.916 loading class java/io/FileFilter done
Event: 1.056 loading class java/util/Collections$UnmodifiableList
Event: 1.056 loading class java/util/Collections$UnmodifiableList done
Event: 1.056 loading class java/util/Collections$UnmodifiableRandomAccessList
Event: 1.056 loading class java/util/Collections$UnmodifiableRandomAccessList done
Event: 1.060 loading class java/util/AbstractList$Itr
Event: 1.060 loading class java/util/AbstractList$Itr done
Event: 1.062 loading class java/util/ArrayList$SubList
Event: 1.062 loading class java/util/ArrayList$SubList done
Event: 1.071 loading class java/util/Collections$UnmodifiableCollection$1
Event: 1.071 loading class java/util/Collections$UnmodifiableCollection$1 done
Event: 1.072 loading class java/util/Collections$SingletonSet
Event: 1.072 loading class java/util/Collections$SingletonSet done
Event: 1.072 loading class java/util/Collections$1
Event: 1.073 loading class java/util/Collections$1 done
Event: 1.075 loading class java/lang/invoke/DirectMethodHandle$Special
Event: 1.075 loading class java/lang/invoke/DirectMethodHandle$Special done
Event: 1.268 loading class java/util/regex/Pattern$StartS
Event: 1.268 loading class java/util/regex/Pattern$StartS done


Dynamic libraries:
0x00007ff784a80000 - 0x00007ff784a8e000 	C:\Users\aditb\Downloads\openjdk-17.0.0.1+2_windows-x64_bin\jdk-17.0.0.1\bin\java.exe
0x00007ffa16230000 - 0x00007ffa16447000 	C:\WINDOWS\SYSTEM32\ntdll.dll
0x00007ffa15180000 - 0x00007ffa15244000 	C:\WINDOWS\System32\KERNEL32.DLL
0x00007ffa13460000 - 0x00007ffa13833000 	C:\WINDOWS\System32\KERNELBASE.dll
0x00007ffa13a00000 - 0x00007ffa13b11000 	C:\WINDOWS\System32\ucrtbase.dll
0x00007ff9f03a0000 - 0x00007ff9f03ba000 	C:\Users\aditb\Downloads\openjdk-17.0.0.1+2_windows-x64_bin\jdk-17.0.0.1\bin\VCRUNTIME140.dll
0x00007ff9fc920000 - 0x00007ff9fc938000 	C:\Users\aditb\Downloads\openjdk-17.0.0.1+2_windows-x64_bin\jdk-17.0.0.1\bin\jli.dll
0x00007ffa14cf0000 - 0x00007ffa14ea1000 	C:\WINDOWS\System32\USER32.dll
0x00007ff9fbd70000 - 0x00007ff9fc008000 	C:\WINDOWS\WinSxS\amd64_microsoft.windows.common-controls_6595b64144ccf1df_6.0.22621.5124_none_270e8f4f7386d69d\COMCTL32.dll
0x00007ffa13ea0000 - 0x00007ffa13ec6000 	C:\WINDOWS\System32\win32u.dll
0x00007ffa15820000 - 0x00007ffa158c7000 	C:\WINDOWS\System32\msvcrt.dll
0x00007ffa16150000 - 0x00007ffa16179000 	C:\WINDOWS\System32\GDI32.dll
0x00007ffa13340000 - 0x00007ffa1345b000 	C:\WINDOWS\System32\gdi32full.dll
0x00007ffa13b20000 - 0x00007ffa13bba000 	C:\WINDOWS\System32\msvcp_win.dll
0x00007ffa14cb0000 - 0x00007ffa14ce1000 	C:\WINDOWS\System32\IMM32.DLL
0x00007ff9fb260000 - 0x00007ff9fb26c000 	C:\Users\aditb\Downloads\openjdk-17.0.0.1+2_windows-x64_bin\jdk-17.0.0.1\bin\vcruntime140_1.dll
0x00007ff9e14a0000 - 0x00007ff9e152d000 	C:\Users\aditb\Downloads\openjdk-17.0.0.1+2_windows-x64_bin\jdk-17.0.0.1\bin\msvcp140.dll
0x00007ff98e770000 - 0x00007ff98f330000 	C:\Users\aditb\Downloads\openjdk-17.0.0.1+2_windows-x64_bin\jdk-17.0.0.1\bin\server\jvm.dll
0x00007ffa155f0000 - 0x00007ffa156a1000 	C:\WINDOWS\System32\ADVAPI32.dll
0x00007ffa14a30000 - 0x00007ffa14ad8000 	C:\WINDOWS\System32\sechost.dll
0x00007ffa13d00000 - 0x00007ffa13d28000 	C:\WINDOWS\System32\bcrypt.dll
0x00007ffa13ed0000 - 0x00007ffa13fe4000 	C:\WINDOWS\System32\RPCRT4.dll
0x00007ffa14ae0000 - 0x00007ffa14ae8000 	C:\WINDOWS\System32\PSAPI.DLL
0x00007ff9dc4a0000 - 0x00007ff9dc4a9000 	C:\WINDOWS\SYSTEM32\WSOCK32.dll
0x00007ffa14890000 - 0x00007ffa14901000 	C:\WINDOWS\System32\WS2_32.dll
0x00007ffa0a260000 - 0x00007ffa0a26a000 	C:\WINDOWS\SYSTEM32\VERSION.dll
0x00007ffa0ed10000 - 0x00007ffa0ed44000 	C:\WINDOWS\SYSTEM32\WINMM.dll
0x00007ffa12340000 - 0x00007ffa12358000 	C:\WINDOWS\SYSTEM32\kernel.appcore.dll
0x00007ff9f0390000 - 0x00007ff9f039a000 	C:\Users\aditb\Downloads\openjdk-17.0.0.1+2_windows-x64_bin\jdk-17.0.0.1\bin\jimage.dll
0x00007ffa0db00000 - 0x00007ffa0dd32000 	C:\WINDOWS\SYSTEM32\DBGHELP.DLL
0x00007ffa15250000 - 0x00007ffa155e2000 	C:\WINDOWS\System32\combase.dll
0x00007ffa16070000 - 0x00007ffa16147000 	C:\WINDOWS\System32\OLEAUT32.dll
0x00007ff9fc020000 - 0x00007ff9fc052000 	C:\WINDOWS\SYSTEM32\dbgcore.DLL
0x00007ffa13980000 - 0x00007ffa139fb000 	C:\WINDOWS\System32\bcryptPrimitives.dll
0x00007ff9e9920000 - 0x00007ff9e9945000 	C:\Users\aditb\Downloads\openjdk-17.0.0.1+2_windows-x64_bin\jdk-17.0.0.1\bin\java.dll
0x00007ff9e0cf0000 - 0x00007ff9e0dc6000 	C:\Users\aditb\Downloads\openjdk-17.0.0.1+2_windows-x64_bin\jdk-17.0.0.1\bin\svml.dll
0x00007ffa13ff0000 - 0x00007ffa14886000 	C:\WINDOWS\System32\SHELL32.dll
0x00007ffa13bc0000 - 0x00007ffa13cff000 	C:\WINDOWS\System32\wintypes.dll
0x00007ffa11210000 - 0x00007ffa11b2a000 	C:\WINDOWS\SYSTEM32\windows.storage.dll
0x00007ffa14910000 - 0x00007ffa14a1a000 	C:\WINDOWS\System32\SHCORE.dll
0x00007ffa16180000 - 0x00007ffa161e3000 	C:\WINDOWS\System32\shlwapi.dll
0x00007ffa13270000 - 0x00007ffa1329b000 	C:\WINDOWS\SYSTEM32\profapi.dll
0x00007ff9e1480000 - 0x00007ff9e1499000 	C:\Users\aditb\Downloads\openjdk-17.0.0.1+2_windows-x64_bin\jdk-17.0.0.1\bin\net.dll
0x00007ffa0ffe0000 - 0x00007ffa1010c000 	C:\WINDOWS\SYSTEM32\WINHTTP.dll
0x00007ffa127b0000 - 0x00007ffa1281a000 	C:\WINDOWS\system32\mswsock.dll
0x00007ff9e0cd0000 - 0x00007ff9e0ce5000 	C:\Users\aditb\Downloads\openjdk-17.0.0.1+2_windows-x64_bin\jdk-17.0.0.1\bin\nio.dll
0x00007ff9e0cb0000 - 0x00007ff9e0cc8000 	C:\Users\aditb\Downloads\openjdk-17.0.0.1+2_windows-x64_bin\jdk-17.0.0.1\bin\zip.dll
0x00007ff9ecde0000 - 0x00007ff9ecdf0000 	C:\Users\aditb\Downloads\openjdk-17.0.0.1+2_windows-x64_bin\jdk-17.0.0.1\bin\verify.dll

dbghelp: loaded successfully - version: 4.0.5 - missing functions: none
symbol engine: initialized successfully - sym options: 0x614 - pdb path: .;C:\Users\aditb\Downloads\openjdk-17.0.0.1+2_windows-x64_bin\jdk-17.0.0.1\bin;C:\WINDOWS\SYSTEM32;C:\WINDOWS\WinSxS\amd64_microsoft.windows.common-controls_6595b64144ccf1df_6.0.22621.5124_none_270e8f4f7386d69d;C:\Users\aditb\Downloads\openjdk-17.0.0.1+2_windows-x64_bin\jdk-17.0.0.1\bin\server

VM Arguments:
jvm_args: -Xmx64m -Xms64m -Dorg.gradle.appname=gradlew 
java_command: C:\ReactNative\golfScoreCard\android\\gradle\wrapper\gradle-wrapper.jar clean
java_class_path (initial): C:\ReactNative\golfScoreCard\android\\gradle\wrapper\gradle-wrapper.jar
Launcher Type: SUN_STANDARD

[Global flags]
     intx CICompilerCount                          = 4                                         {product} {ergonomic}
     uint ConcGCThreads                            = 3                                         {product} {ergonomic}
     uint G1ConcRefinementThreads                  = 10                                        {product} {ergonomic}
   size_t G1HeapRegionSize                         = 1048576                                   {product} {ergonomic}
    uintx GCDrainStackTargetSize                   = 64                                        {product} {ergonomic}
   size_t InitialHeapSize                          = 67108864                                  {product} {command line}
   size_t MarkStackSize                            = 4194304                                   {product} {ergonomic}
   size_t MaxHeapSize                              = 67108864                                  {product} {command line}
   size_t MaxNewSize                               = 39845888                                  {product} {ergonomic}
   size_t MinHeapDeltaBytes                        = 1048576                                   {product} {ergonomic}
   size_t MinHeapSize                              = 67108864                                  {product} {command line}
    uintx NonNMethodCodeHeapSize                   = 5839372                                {pd product} {ergonomic}
    uintx NonProfiledCodeHeapSize                  = 122909434                              {pd product} {ergonomic}
    uintx ProfiledCodeHeapSize                     = 122909434                              {pd product} {ergonomic}
    uintx ReservedCodeCacheSize                    = 251658240                              {pd product} {ergonomic}
     bool SegmentedCodeCache                       = true                                      {product} {ergonomic}
   size_t SoftMaxHeapSize                          = 67108864                               {manageable} {ergonomic}
     bool UseCompressedClassPointers               = true                           {product lp64_product} {ergonomic}
     bool UseCompressedOops                        = true                           {product lp64_product} {ergonomic}
     bool UseG1GC                                  = true                                      {product} {ergonomic}
     bool UseLargePagesIndividualAllocation        = false                                  {pd product} {ergonomic}

Logging:
Log output configuration:
 #0: stdout all=warning uptime,level,tags
 #1: stderr all=off uptime,level,tags

Environment Variables:
JAVA_HOME=C:\Users\aditb\Downloads\openjdk-17.0.0.1+2_windows-x64_bin\jdk-17.0.0.1
PATH=C:\WINDOWS\system32;C:\WINDOWS;C:\WINDOWS\System32\Wbem;C:\WINDOWS\System32\WindowsPowerShell\v1.0\;C:\WINDOWS\System32\OpenSSH\;C:\Program Files\HP\HP One Agent;C:\Program Files\Git\cmd;C:\Program Files\nodejs\;C:\Users\aditb\AppData\Local\Microsoft\WindowsApps;C:\Users\aditb\AppData\Local\Programs\Microsoft VS Code\bin;C:\Users\aditb\AppData\Roaming\npm
USERNAME=aditb
LANG=en_US.UTF-8
OS=Windows_NT
PROCESSOR_IDENTIFIER=AMD64 Family 25 Model 80 Stepping 0, AuthenticAMD



---------------  S Y S T E M  ---------------

OS:
 Windows 10 , 64 bit Build 22621 (10.0.22621.5124)
OS uptime: 0 days 14:15 hours
Hyper-V role detected

CPU: total 12 (initial active 12) (12 cores per cpu, 2 threads per core) family 25 model 80 stepping 0 microcode 0x0, cx8, cmov, fxsr, ht, mmx, 3dnowpref, sse, sse2, sse3, ssse3, sse4a, sse4.1, sse4.2, popcnt, lzcnt, tsc, tscinvbit, avx, avx2, aes, erms, clmul, bmi1, bmi2, adx, sha, fma, vzeroupper, clflush, clflushopt, hv

Memory: 4k page, system-wide physical 7520M (284M free)
TotalPageFile size 30019M (AvailPageFile size 0M)
current process WorkingSet (physical memory assigned to process): 49M, peak: 51M
current process commit charge ("private bytes"): 144M, peak: 146M

vm_info: OpenJDK 64-Bit Server VM (17.0.0.1+2-3) for windows-amd64 JRE (17.0.0.1+2-3), built on May  8 2024 19:05:00 by "mach5one" with MS VC++ 16.8 (VS2019)

END.
